<?xml version="1.0" encoding="UTF-8"?>
<!-- Generated by org.testng.reporters.JUnitReportReporter -->
<testsuite skipped="0" hostname="DESKTOP-N3CQSRC" name="com.avin.P1" tests="2" failures="0" timestamp="27 Oct 2020 16:33:33 GMT" time="23.674" errors="0">
  <testcase name="ss" time="10.144" classname="com.avin.P1"/>
  <testcase name="ss" time="13.530" classname="com.avin.P1"/>
</testsuite> <!-- com.avin.P1 -->
