<?xml version="1.0" encoding="UTF-8"?>
<!-- Generated by org.testng.reporters.JUnitReportReporter -->
<testsuite skipped="0" hostname="DESKTOP-N3CQSRC" name="mindtree.ExecutionClass" tests="1" failures="0" timestamp="15 Dec 2020 10:08:25 GMT" time="2.233" errors="0">
  <testcase name="print_links" time="2.233" classname="mindtree.ExecutionClass"/>
</testsuite> <!-- mindtree.ExecutionClass -->
