<?xml version="1.0" encoding="UTF-8"?>
<!-- Generated by org.testng.reporters.JUnitReportReporter -->
<testsuite skipped="0" hostname="DESKTOP-N3CQSRC" name="Practice.Testngparallalbymethods" tests="4" failures="0" timestamp="24 Nov 2020 01:10:06 GMT" time="19.665" errors="0">
  <testcase name="test2" time="4.298" classname="Practice.Testngparallalbymethods"/>
  <testcase name="test2" time="4.392" classname="Practice.Testngparallalbymethods"/>
  <testcase name="test1" time="5.304" classname="Practice.Testngparallalbymethods"/>
  <testcase name="test1" time="5.671" classname="Practice.Testngparallalbymethods"/>
</testsuite> <!-- Practice.Testngparallalbymethods -->
