<?xml version="1.0" encoding="UTF-8"?>
<!-- Generated by org.testng.reporters.JUnitReportReporter -->
<testsuite skipped="0" hostname="DESKTOP-N3CQSRC" name="com.avin.P2" tests="1" failures="0" timestamp="27 Oct 2020 01:20:01 GMT" time="17.002" errors="0">
  <testcase name="ss" time="17.002" classname="com.avin.P2"/>
</testsuite> <!-- com.avin.P2 -->
