<?xml version="1.0" encoding="UTF-8"?>
<!-- Generated by org.testng.reporters.JUnitReportReporter -->
<testsuite skipped="0" hostname="DESKTOP-N3CQSRC" name="com.avin.P2" tests="1" failures="0" timestamp="05 Dec 2020 03:45:39 GMT" time="18.037" errors="0">
  <testcase name="ss" time="18.037" classname="com.avin.P2"/>
</testsuite> <!-- com.avin.P2 -->
