<?xml version="1.0" encoding="UTF-8"?>
<!-- Generated by org.testng.reporters.JUnitReportReporter -->
<testsuite skipped="0" hostname="DESKTOP-N3CQSRC" name="AvinSystem.P1" tests="2" failures="0" timestamp="26 Oct 2020 07:41:47 GMT" time="22.903" errors="0">
  <testcase name="start" time="13.331" classname="AvinSystem.P1"/>
  <testcase name="start" time="9.572" classname="AvinSystem.P1"/>
</testsuite> <!-- AvinSystem.P1 -->
