<?xml version="1.0" encoding="UTF-8"?>
<!-- Generated by org.testng.reporters.JUnitReportReporter -->
<testsuite skipped="0" hostname="DESKTOP-N3CQSRC" name="Practice.Testngparallalbytest" tests="2" failures="0" timestamp="30 Oct 2020 00:30:52 GMT" time="21.341" errors="0">
  <testcase name="test2" time="11.739" classname="Practice.Testngparallalbytest"/>
  <testcase name="test1" time="9.602" classname="Practice.Testngparallalbytest"/>
</testsuite> <!-- Practice.Testngparallalbytest -->
