<?xml version="1.0" encoding="UTF-8"?>
<!-- Generated by org.testng.reporters.JUnitReportReporter -->
<testsuite skipped="0" hostname="DESKTOP-N3CQSRC" name="Practice.Testngparallalbymethods" tests="4" failures="0" timestamp="24 Nov 2020 00:51:41 GMT" time="19.379" errors="0">
  <testcase name="test1" time="4.945" classname="Practice.Testngparallalbymethods"/>
  <testcase name="test1" time="4.919" classname="Practice.Testngparallalbymethods"/>
  <testcase name="test2" time="4.050" classname="Practice.Testngparallalbymethods"/>
  <testcase name="test2" time="5.465" classname="Practice.Testngparallalbymethods"/>
</testsuite> <!-- Practice.Testngparallalbymethods -->
