<?xml version="1.0" encoding="UTF-8"?>
<!-- Generated by org.testng.reporters.JUnitReportReporter -->
<testsuite skipped="0" hostname="DESKTOP-N3CQSRC" name="com.avin.Driver" tests="1" failures="0" timestamp="06 Jan 2021 05:17:30 GMT" time="13.084" errors="0">
  <testcase name="ss" time="13.084" classname="com.avin.Driver"/>
</testsuite> <!-- com.avin.Driver -->
